0 info it worked if it ends with ok
1 verbose cli [ '/usr/local/bin/node', '/usr/local/bin/npm', 'publish' ]
2 info using npm@2.5.1
3 info using node@v0.12.0
4 verbose publish [ '.' ]
5 silly cache add args [ '.', null ]
6 verbose cache add spec .
7 silly cache add parsed spec { raw: '.',
7 silly cache add   scope: null,
7 silly cache add   name: null,
7 silly cache add   rawSpec: '.',
7 silly cache add   spec: '/home/mod/code/dm/dm-nw-installer',
7 silly cache add   type: 'directory' }
8 verbose addLocalDirectory /home/mod/.npm/dm-nw-installer/0.0.1/package.tgz not in flight; packing
9 verbose tar pack [ '/home/mod/.npm/dm-nw-installer/0.0.1/package.tgz',
9 verbose tar pack   '/home/mod/code/dm/dm-nw-installer' ]
10 verbose tarball /home/mod/.npm/dm-nw-installer/0.0.1/package.tgz
11 verbose folder /home/mod/code/dm/dm-nw-installer
12 info prepublish dm-nw-installer@0.0.1
13 verbose addLocalTarball adding from inside cache /home/mod/.npm/dm-nw-installer/0.0.1/package.tgz
14 silly cache afterAdd dm-nw-installer@0.0.1
15 verbose afterAdd /home/mod/.npm/dm-nw-installer/0.0.1/package/package.json not in flight; writing
16 verbose afterAdd /home/mod/.npm/dm-nw-installer/0.0.1/package/package.json written
17 silly publish { private: false,
17 silly publish   name: 'dm-nw-installer',
17 silly publish   version: '0.0.1',
17 silly publish   description: '* Shortcut: dmnwi',
17 silly publish   main: 'index.js',
17 silly publish   scripts:
17 silly publish    { test: 'mocha --harmony --require co-mocha --watch --reporter landing',
17 silly publish      start: 'node --harmony ./bin/dm-nw-installer' },
17 silly publish   repository:
17 silly publish    { type: 'git',
17 silly publish      url: 'https://github.com/divramod/dm-nw-installer.git' },
17 silly publish   keywords: [ 'npm', 'template' ],
17 silly publish   author:
17 silly publish    { name: 'Arvid Petermann',
17 silly publish      email: 'arvidpetermann@gmail.com',
17 silly publish      url: 'http://arvidpetermann.com/' },
17 silly publish   license: 'ISC',
17 silly publish   bugs: { url: 'https://github.com/divramod/dm-nw-installer/issues' },
17 silly publish   homepage: 'https://github.com/divramod/dm-nw-installer',
17 silly publish   devDependencies: { chai: '^2.1.0', 'co-mocha': '^1.1.0', mocha: '^2.1.0' },
17 silly publish   dependencies:
17 silly publish    { co: '^4.4.0',
17 silly publish      'co-prompt': '^1.0.0',
17 silly publish      colors: '~1.0.3',
17 silly publish      commander: '^2.6.0',
17 silly publish      inquirer: '^0.9.0',
17 silly publish      shelljs: '^0.3.0',
17 silly publish      suppose: '^0.3.0' },
17 silly publish   bin:
17 silly publish    { dmnwi: './bin/dm-nw-installer',
17 silly publish      'dm-nw-installer': './bin/dm-nw-installer' },
17 silly publish   readme: '# dm-nw-installer\n* Shortcut: dmnwi\n',
17 silly publish   readmeFilename: 'README.md',
17 silly publish   gitHead: '1399421bcb9eb1dda348aa537994056d15afe7d8',
17 silly publish   _id: 'dm-nw-installer@0.0.1',
17 silly publish   _shasum: 'c645ec96a4959471bd731a7d71d7f322333d0ad9',
17 silly publish   _from: '.' }
18 silly mapToRegistry name dm-nw-installer
19 silly mapToRegistry using default registry
20 silly mapToRegistry registry https://registry.npmjs.org/
21 silly mapToRegistry uri https://registry.npmjs.org/dm-nw-installer
22 verbose publish registryBase https://registry.npmjs.org/
23 silly publish uploading /home/mod/.npm/dm-nw-installer/0.0.1/package.tgz
24 verbose request uri https://registry.npmjs.org/dm-nw-installer
25 verbose request sending authorization for write operation
26 info attempt registry request try #1 at 12:20:19 AM
27 verbose request using bearer token for auth
28 verbose request id ebbc3e618c5c2301
29 http request PUT https://registry.npmjs.org/dm-nw-installer
30 http 503 https://registry.npmjs.org/dm-nw-installer
31 verbose bad json <?xml version="1.0" encoding="utf-8"?>
31 verbose bad json <!DOCTYPE html PUBLIC "-//W3C//DTD XHTML 1.0 Strict//EN"
31 verbose bad json  "http://www.w3.org/TR/xhtml1/DTD/xhtml1-strict.dtd">
31 verbose bad json <html>
31 verbose bad json   <head>
31 verbose bad json     <title>503 backend read error</title>
31 verbose bad json   </head>
31 verbose bad json   <body>
31 verbose bad json     <h1>Error 503 backend read error</h1>
31 verbose bad json     <p>backend read error</p>
31 verbose bad json     <h3>Guru Mediation:</h3>
31 verbose bad json     <p>Details: cache-fra1233-FRA 1438295293 946214738</p>
31 verbose bad json     <hr>
31 verbose bad json     <p>Varnish cache server</p>
31 verbose bad json   </body>
31 verbose bad json </html>
32 error registry error parsing json
33 info retry will retry, error on last attempt: SyntaxError: Unexpected token <
33 info retry
33 info retry <?xml version="1.0" encoding="utf-8"?>
33 info retry <!DOCTYPE html PUBLIC "-//W3C//DTD XHTML 1.0 Strict//EN"
33 info retry  "http://www.w3.org/TR/xhtml1/DTD/xhtml1-strict.dtd">
33 info retry <html>
33 info retry   <head>
33 info retry     <title>503 backend read error</title>
33 info retry   </head>
33 info retry   <body>
33 info retry     <h1>Error 503 backend read error</h1>
33 info retry     <p>backend read error</p>
33 info retry     <h3>Guru Mediation:</h3>
33 info retry     <p>Details: cache-fra1233-FRA 1438295293 946214738</p>
33 info retry     <hr>
33 info retry     <p>Varnish cache server</p>
33 info retry   </body>
33 info retry </html>
34 info attempt registry request try #2 at 12:28:23 AM
35 verbose request using bearer token for auth
36 http request PUT https://registry.npmjs.org/dm-nw-installer
37 http 503 https://registry.npmjs.org/dm-nw-installer
38 verbose bad json <?xml version="1.0" encoding="utf-8"?>
38 verbose bad json <!DOCTYPE html PUBLIC "-//W3C//DTD XHTML 1.0 Strict//EN"
38 verbose bad json  "http://www.w3.org/TR/xhtml1/DTD/xhtml1-strict.dtd">
38 verbose bad json <html>
38 verbose bad json   <head>
38 verbose bad json     <title>503 backend read error</title>
38 verbose bad json   </head>
38 verbose bad json   <body>
38 verbose bad json     <h1>Error 503 backend read error</h1>
38 verbose bad json     <p>backend read error</p>
38 verbose bad json     <h3>Guru Mediation:</h3>
38 verbose bad json     <p>Details: cache-fra1243-FRA 1438295787 1579789432</p>
38 verbose bad json     <hr>
38 verbose bad json     <p>Varnish cache server</p>
38 verbose bad json   </body>
38 verbose bad json </html>
39 error registry error parsing json
40 info retry will retry, error on last attempt: SyntaxError: Unexpected token <
40 info retry
40 info retry <?xml version="1.0" encoding="utf-8"?>
40 info retry <!DOCTYPE html PUBLIC "-//W3C//DTD XHTML 1.0 Strict//EN"
40 info retry  "http://www.w3.org/TR/xhtml1/DTD/xhtml1-strict.dtd">
40 info retry <html>
40 info retry   <head>
40 info retry     <title>503 backend read error</title>
40 info retry   </head>
40 info retry   <body>
40 info retry     <h1>Error 503 backend read error</h1>
40 info retry     <p>backend read error</p>
40 info retry     <h3>Guru Mediation:</h3>
40 info retry     <p>Details: cache-fra1243-FRA 1438295787 1579789432</p>
40 info retry     <hr>
40 info retry     <p>Varnish cache server</p>
40 info retry   </body>
40 info retry </html>
41 info attempt registry request try #3 at 12:37:27 AM
42 verbose request using bearer token for auth
43 http request PUT https://registry.npmjs.org/dm-nw-installer
44 http 503 https://registry.npmjs.org/dm-nw-installer
45 verbose bad json <?xml version="1.0" encoding="utf-8"?>
45 verbose bad json <!DOCTYPE html PUBLIC "-//W3C//DTD XHTML 1.0 Strict//EN"
45 verbose bad json  "http://www.w3.org/TR/xhtml1/DTD/xhtml1-strict.dtd">
45 verbose bad json <html>
45 verbose bad json   <head>
45 verbose bad json     <title>503 backend read error</title>
45 verbose bad json   </head>
45 verbose bad json   <body>
45 verbose bad json     <h1>Error 503 backend read error</h1>
45 verbose bad json     <p>backend read error</p>
45 verbose bad json     <h3>Guru Mediation:</h3>
45 verbose bad json     <p>Details: cache-fra1232-FRA 1438296342 316621937</p>
45 verbose bad json     <hr>
45 verbose bad json     <p>Varnish cache server</p>
45 verbose bad json   </body>
45 verbose bad json </html>
46 error registry error parsing json
47 verbose headers { server: 'Varnish',
47 verbose headers   'retry-after': '0',
47 verbose headers   'content-type': 'text/html; charset=utf-8',
47 verbose headers   'content-length': '447',
47 verbose headers   'accept-ranges': 'bytes',
47 verbose headers   date: 'Thu, 30 Jul 2015 22:45:42 GMT',
47 verbose headers   via: '1.1 varnish',
47 verbose headers   connection: 'close',
47 verbose headers   'x-served-by': 'cache-fra1232-FRA',
47 verbose headers   'x-cache': 'MISS',
47 verbose headers   'x-cache-hits': '0',
47 verbose headers   'x-timer': 'S1438295852.975351,VS0,VE489899' }
48 verbose request invalidating /home/mod/.npm/registry.npmjs.org/dm-nw-installer on PUT
49 error publish Failed PUT 503
50 verbose stack SyntaxError: Unexpected token <
50 verbose stack
50 verbose stack <?xml version="1.0" encoding="utf-8"?>
50 verbose stack <!DOCTYPE html PUBLIC "-//W3C//DTD XHTML 1.0 Strict//EN"
50 verbose stack  "http://www.w3.org/TR/xhtml1/DTD/xhtml1-strict.dtd">
50 verbose stack <html>
50 verbose stack   <head>
50 verbose stack     <title>503 backend read error</title>
50 verbose stack   </head>
50 verbose stack   <body>
50 verbose stack     <h1>Error 503 backend read error</h1>
50 verbose stack     <p>backend read error</p>
50 verbose stack     <h3>Guru Mediation:</h3>
50 verbose stack     <p>Details: cache-fra1232-FRA 1438296342 316621937</p>
50 verbose stack     <hr>
50 verbose stack     <p>Varnish cache server</p>
50 verbose stack   </body>
50 verbose stack </html>
50 verbose stack
50 verbose stack     at Object.parse (native)
50 verbose stack     at CachingRegistryClient.<anonymous> (/usr/local/lib/node_modules/npm/node_modules/npm-registry-client/lib/request.js:205:23)
50 verbose stack     at Request._callback (/usr/local/lib/node_modules/npm/node_modules/npm-registry-client/lib/request.js:178:14)
50 verbose stack     at Request.self.callback (/usr/local/lib/node_modules/npm/node_modules/request/request.js:344:22)
50 verbose stack     at Request.emit (events.js:110:17)
50 verbose stack     at Request.<anonymous> (/usr/local/lib/node_modules/npm/node_modules/request/request.js:1239:14)
50 verbose stack     at Request.emit (events.js:129:20)
50 verbose stack     at IncomingMessage.<anonymous> (/usr/local/lib/node_modules/npm/node_modules/request/request.js:1187:12)
50 verbose stack     at IncomingMessage.emit (events.js:129:20)
50 verbose stack     at _stream_readable.js:908:16
51 verbose cwd /home/mod/code/dm/dm-nw-installer
52 error Linux 3.16.0-41-generic
53 error argv "/usr/local/bin/node" "/usr/local/bin/npm" "publish"
54 error node v0.12.0
55 error npm  v2.5.1
56 error Unexpected token <
56 error
56 error <?xml version="1.0" encoding="utf-8"?>
56 error <!DOCTYPE html PUBLIC "-//W3C//DTD XHTML 1.0 Strict//EN"
56 error  "http://www.w3.org/TR/xhtml1/DTD/xhtml1-strict.dtd">
56 error <html>
56 error   <head>
56 error     <title>503 backend read error</title>
56 error   </head>
56 error   <body>
56 error     <h1>Error 503 backend read error</h1>
56 error     <p>backend read error</p>
56 error     <h3>Guru Mediation:</h3>
56 error     <p>Details: cache-fra1232-FRA 1438296342 316621937</p>
56 error     <hr>
56 error     <p>Varnish cache server</p>
56 error   </body>
56 error </html>
57 error If you need help, you may report this error at:
57 error     <http://github.com/npm/npm/issues>
58 verbose exit [ 1, true ]
